<?xml version="1.0" encoding="UTF-8"?>
<testng-results skipped="0" failed="0" ignored="0" total="1" passed="1">
  <reporter-output>
  </reporter-output>
  <suite name="Default suite" duration-ms="77" started-at="2017-11-23T21:20:37Z" finished-at="2017-11-23T21:20:37Z">
    <groups>
    </groups>
    <test name="Default test" duration-ms="77" started-at="2017-11-23T21:20:37Z" finished-at="2017-11-23T21:20:37Z">
      <class name="com.codebind.AppTest">
        <test-method status="PASS" signature="test()[pri:0, instance:com.codebind.AppTest@6d00a15d]" name="test" duration-ms="22" started-at="2017-11-24T02:50:37Z" finished-at="2017-11-24T02:50:37Z">
          <reporter-output>
          </reporter-output>
        </test-method> <!-- test -->
      </class> <!-- com.codebind.AppTest -->
    </test> <!-- Default test -->
  </suite> <!-- Default suite -->
</testng-results>
